2024-06-24 18:08:06,499 p=3444395 u=upszot n=ansible | [WARNING]: A duplicate localhost-like entry was found (localhost). First found localhost was 127.0.0.1

2024-06-24 18:08:06,598 p=3444395 u=upszot n=ansible | PLAY [all] **********************************************************************************************************************************************************************************************************************************
2024-06-24 18:08:06,609 p=3444395 u=upszot n=ansible | TASK [Gathering Facts] **********************************************************************************************************************************************************************************************************************
2024-06-24 18:08:07,746 p=3444395 u=upszot n=ansible | ok: [localhost]
2024-06-24 18:08:07,775 p=3444395 u=upszot n=ansible | TASK [include_role : 2do_parcial] ***********************************************************************************************************************************************************************************************************
2024-06-24 18:08:07,805 p=3444395 u=upszot n=ansible | TASK [2do_parcial : debug] ******************************************************************************************************************************************************************************************************************
2024-06-24 18:08:07,817 p=3444395 u=upszot n=ansible | ok: [localhost] => {
    "msg": "Tareas del 2do Parcial"
}
2024-06-24 18:08:07,836 p=3444395 u=upszot n=ansible | TASK [Otra tarea] ***************************************************************************************************************************************************************************************************************************
2024-06-24 18:08:07,851 p=3444395 u=upszot n=ansible | ok: [localhost] => {
    "msg": "Despues de la ejecucion del rol"
}
2024-06-24 18:08:07,885 p=3444395 u=upszot n=ansible | PLAY RECAP **********************************************************************************************************************************************************************************************************************************
2024-06-24 18:08:07,885 p=3444395 u=upszot n=ansible | localhost                  : ok=3    changed=0    unreachable=0    failed=0    skipped=0    rescued=0    ignored=0   
2024-11-18 18:05:39,585 p=21589 u=root n=ansible | [WARNING]: A duplicate localhost-like entry was found (localhost). First found localhost was 127.0.0.1

2024-11-18 18:05:39,694 p=21589 u=root n=ansible | PLAY [all] *******************************************************************************************************************************
2024-11-18 18:05:39,699 p=21589 u=root n=ansible | TASK [Gathering Facts] *******************************************************************************************************************
2024-11-18 18:05:39,725 p=21589 u=root n=ansible | fatal: [127.0.0.1]: UNREACHABLE! => {"changed": false, "msg": "Failed to connect to the host via ssh: ssh: connect to host 127.0.0.1 port 22: Connection refused", "unreachable": true}
2024-11-18 18:05:40,606 p=21589 u=root n=ansible | ok: [localhost]
2024-11-18 18:05:40,617 p=21589 u=root n=ansible | TASK [include_role : 2do_parcial] ********************************************************************************************************
2024-11-18 18:05:40,638 p=21589 u=root n=ansible | TASK [2do_parcial : debug] ***************************************************************************************************************
2024-11-18 18:05:40,650 p=21589 u=root n=ansible | ok: [localhost] => {
    "msg": "Tareas del 2do Parcial"
}
2024-11-18 18:05:40,658 p=21589 u=root n=ansible | TASK [Otra tarea] ************************************************************************************************************************
2024-11-18 18:05:40,669 p=21589 u=root n=ansible | ok: [localhost] => {
    "msg": "Despues de la ejecucion del rol"
}
2024-11-18 18:05:40,687 p=21589 u=root n=ansible | PLAY RECAP *******************************************************************************************************************************
2024-11-18 18:05:40,687 p=21589 u=root n=ansible | 127.0.0.1                  : ok=0    changed=0    unreachable=1    failed=0    skipped=0    rescued=0    ignored=0   
2024-11-18 18:05:40,687 p=21589 u=root n=ansible | localhost                  : ok=3    changed=0    unreachable=0    failed=0    skipped=0    rescued=0    ignored=0   
2024-11-18 18:05:57,545 p=21701 u=root n=ansible | [WARNING]: A duplicate localhost-like entry was found (localhost). First found localhost was 127.0.0.1

2024-11-18 18:05:57,677 p=21701 u=root n=ansible | PLAY [all] *******************************************************************************************************************************
2024-11-18 18:05:57,682 p=21701 u=root n=ansible | TASK [Gathering Facts] *******************************************************************************************************************
2024-11-18 18:05:57,713 p=21701 u=root n=ansible | fatal: [127.0.0.1]: UNREACHABLE! => {"changed": false, "msg": "Failed to connect to the host via ssh: ssh: connect to host 127.0.0.1 port 22: Connection refused", "unreachable": true}
2024-11-18 18:05:58,644 p=21701 u=root n=ansible | ok: [localhost]
2024-11-18 18:05:58,655 p=21701 u=root n=ansible | TASK [include_role : 2do_parcial] ********************************************************************************************************
2024-11-18 18:05:58,677 p=21701 u=root n=ansible | TASK [2do_parcial : debug] ***************************************************************************************************************
2024-11-18 18:05:58,687 p=21701 u=root n=ansible | ok: [localhost] => {
    "msg": "Tareas del 2do Parcial"
}
2024-11-18 18:05:58,695 p=21701 u=root n=ansible | TASK [Otra tarea] ************************************************************************************************************************
2024-11-18 18:05:58,705 p=21701 u=root n=ansible | ok: [localhost] => {
    "msg": "Despues de la ejecucion del rol"
}
2024-11-18 18:05:58,722 p=21701 u=root n=ansible | PLAY RECAP *******************************************************************************************************************************
2024-11-18 18:05:58,722 p=21701 u=root n=ansible | 127.0.0.1                  : ok=0    changed=0    unreachable=1    failed=0    skipped=0    rescued=0    ignored=0   
2024-11-18 18:05:58,722 p=21701 u=root n=ansible | localhost                  : ok=3    changed=0    unreachable=0    failed=0    skipped=0    rescued=0    ignored=0   
2024-11-18 18:06:36,869 p=21924 u=root n=ansible | [WARNING]: A duplicate localhost-like entry was found (localhost). First found localhost was 127.0.0.1

2024-11-18 18:06:36,968 p=21924 u=root n=ansible | PLAY [Configuración del 2do Parcial] *****************************************************************************************************
2024-11-18 18:06:36,986 p=21924 u=root n=ansible | TASK [Gathering Facts] *******************************************************************************************************************
2024-11-18 18:06:37,846 p=21924 u=root n=ansible | ok: [localhost]
2024-11-18 18:06:37,857 p=21924 u=root n=ansible | TASK [include_role : 2do_parcial] ********************************************************************************************************
2024-11-18 18:06:37,879 p=21924 u=root n=ansible | TASK [2do_parcial : debug] ***************************************************************************************************************
2024-11-18 18:06:37,889 p=21924 u=root n=ansible | ok: [localhost] => {
    "msg": "Tareas del 2do Parcial"
}
2024-11-18 18:06:37,908 p=21924 u=root n=ansible | PLAY RECAP *******************************************************************************************************************************
2024-11-18 18:06:37,908 p=21924 u=root n=ansible | localhost                  : ok=2    changed=0    unreachable=0    failed=0    skipped=0    rescued=0    ignored=0   
